# JRE version: OpenJDK Runtime Environment (17.0.10) (build 17.0.10+0--11572160)
# Java VM: OpenJDK 64-Bit Server VM (17.0.10+0--11572160, mixed mode, tiered, compressed oops, compressed class ptrs, g1 gc, windows-amd64)
GC Precious Log:
 CPUs: 8 total, 8 available
 Memory: 16122M
 Large Page Support: Disabled
 NUMA Support: Disabled
 Compressed Oops: Enabled (32-bit)
 Heap Region Size: 1M
 Heap Min Capacity: 8M
 Heap Initial Capacity: 252M
 Heap Max Capacity: 1536M
 Pre-touch: Disabled
 Parallel Workers: 8
 Concurrent Workers: 2
 Concurrent Refinement Workers: 8
 Periodic GC: Disabled
Heap:
 garbage-first heap   total 258048K, used 152654K [0x00000000a0000000, 0x0000000100000000)
  region size 1024K, 3 young (3072K), 1 survivors (1024K)
 Metaspace       used 127264K, committed 128320K, reserved 1179648K
  class space    used 16766K, committed 17280K, reserved 1048576K
GC Heap History (20 events):
Event: 25.438 GC heap before
{Heap before GC invocations=48 (full 0):
 garbage-first heap   total 229376K, used 138821K [0x00000000a0000000, 0x0000000100000000)
  region size 1024K, 11 young (11264K), 4 survivors (4096K)
 Metaspace       used 107055K, committed 107968K, reserved 1179648K
  class space    used 14587K, committed 14976K, reserved 1048576K
}
Event: 25.444 GC heap after
{Heap after GC invocations=49 (full 0):
 garbage-first heap   total 229376K, used 131767K [0x00000000a0000000, 0x0000000100000000)
  region size 1024K, 1 young (1024K), 1 survivors (1024K)
 Metaspace       used 107055K, committed 107968K, reserved 1179648K
  class space    used 14587K, committed 14976K, reserved 1048576K
}
Event: 27.358 GC heap before
{Heap before GC invocations=49 (full 0):
 garbage-first heap   total 229376K, used 188087K [0x00000000a0000000, 0x0000000100000000)
  region size 1024K, 57 young (58368K), 1 survivors (1024K)
 Metaspace       used 111072K, committed 111936K, reserved 1179648K
  class space    used 15081K, committed 15488K, reserved 1048576K
}
Event: 27.372 GC heap after
{Heap after GC invocations=50 (full 0):
 garbage-first heap   total 229376K, used 135315K [0x00000000a0000000, 0x0000000100000000)
  region size 1024K, 5 young (5120K), 5 survivors (5120K)
 Metaspace       used 111072K, committed 111936K, reserved 1179648K
  class space    used 15081K, committed 15488K, reserved 1048576K
}
Event: 30.309 GC heap before
{Heap before GC invocations=51 (full 0):
 garbage-first heap   total 230400K, used 190611K [0x00000000a0000000, 0x0000000100000000)
  region size 1024K, 59 young (60416K), 5 survivors (5120K)
 Metaspace       used 112614K, committed 113472K, reserved 1179648K
  class space    used 15236K, committed 15616K, reserved 1048576K
}
Event: 30.319 GC heap after
{Heap after GC invocations=52 (full 0):
 garbage-first heap   total 230400K, used 139134K [0x00000000a0000000, 0x0000000100000000)
  region size 1024K, 8 young (8192K), 8 survivors (8192K)
 Metaspace       used 112614K, committed 113472K, reserved 1179648K
  class space    used 15236K, committed 15616K, reserved 1048576K
}
Event: 30.406 GC heap before
{Heap before GC invocations=52 (full 0):
 garbage-first heap   total 230400K, used 142206K [0x00000000a0000000, 0x0000000100000000)
  region size 1024K, 11 young (11264K), 8 survivors (8192K)
 Metaspace       used 112642K, committed 113472K, reserved 1179648K
  class space    used 15236K, committed 15616K, reserved 1048576K
}
Event: 30.417 GC heap after
{Heap after GC invocations=53 (full 0):
 garbage-first heap   total 230400K, used 139637K [0x00000000a0000000, 0x0000000100000000)
  region size 1024K, 2 young (2048K), 2 survivors (2048K)
 Metaspace       used 112642K, committed 113472K, reserved 1179648K
  class space    used 15236K, committed 15616K, reserved 1048576K
}
Event: 32.897 GC heap before
{Heap before GC invocations=53 (full 0):
 garbage-first heap   total 230400K, used 191861K [0x00000000a0000000, 0x0000000100000000)
  region size 1024K, 54 young (55296K), 2 survivors (2048K)
 Metaspace       used 118001K, committed 118912K, reserved 1179648K
  class space    used 15928K, committed 16320K, reserved 1048576K
}
Event: 32.906 GC heap after
{Heap after GC invocations=54 (full 0):
 garbage-first heap   total 230400K, used 143362K [0x00000000a0000000, 0x0000000100000000)
  region size 1024K, 5 young (5120K), 5 survivors (5120K)
 Metaspace       used 118001K, committed 118912K, reserved 1179648K
  class space    used 15928K, committed 16320K, reserved 1048576K
}
Event: 46.901 GC heap before
{Heap before GC invocations=54 (full 0):
 garbage-first heap   total 230400K, used 192514K [0x00000000a0000000, 0x0000000100000000)
  region size 1024K, 54 young (55296K), 5 survivors (5120K)
 Metaspace       used 123299K, committed 124288K, reserved 1179648K
  class space    used 16462K, committed 16960K, reserved 1048576K
}
Event: 46.906 GC heap after
{Heap after GC invocations=55 (full 0):
 garbage-first heap   total 230400K, used 145482K [0x00000000a0000000, 0x0000000100000000)
  region size 1024K, 3 young (3072K), 3 survivors (3072K)
 Metaspace       used 123299K, committed 124288K, reserved 1179648K
  class space    used 16462K, committed 16960K, reserved 1048576K
}
Event: 347.119 GC heap before
{Heap before GC invocations=55 (full 0):
 garbage-first heap   total 230400K, used 194634K [0x00000000a0000000, 0x0000000100000000)
  region size 1024K, 52 young (53248K), 3 survivors (3072K)
 Metaspace       used 126314K, committed 127360K, reserved 1179648K
  class space    used 16736K, committed 17216K, reserved 1048576K
}
Event: 347.124 GC heap after
{Heap after GC invocations=56 (full 0):
 garbage-first heap   total 230400K, used 147892K [0x00000000a0000000, 0x0000000100000000)
  region size 1024K, 5 young (5120K), 5 survivors (5120K)
 Metaspace       used 126314K, committed 127360K, reserved 1179648K
  class space    used 16736K, committed 17216K, reserved 1048576K
}
Event: 358.284 GC heap before
{Heap before GC invocations=56 (full 0):
 garbage-first heap   total 230400K, used 194996K [0x00000000a0000000, 0x0000000100000000)
  region size 1024K, 52 young (53248K), 5 survivors (5120K)
 Metaspace       used 127048K, committed 128128K, reserved 1179648K
  class space    used 16748K, committed 17280K, reserved 1048576K
}
Event: 358.289 GC heap after
{Heap after GC invocations=57 (full 0):
 garbage-first heap   total 230400K, used 151699K [0x00000000a0000000, 0x0000000100000000)
  region size 1024K, 7 young (7168K), 7 survivors (7168K)
 Metaspace       used 127048K, committed 128128K, reserved 1179648K
  class space    used 16748K, committed 17280K, reserved 1048576K
}
Event: 360.439 GC heap before
{Heap before GC invocations=57 (full 0):
 garbage-first heap   total 230400K, used 194707K [0x00000000a0000000, 0x0000000100000000)
  region size 1024K, 50 young (51200K), 7 survivors (7168K)
 Metaspace       used 127243K, committed 128320K, reserved 1179648K
  class space    used 16772K, committed 17280K, reserved 1048576K
}
Event: 360.447 GC heap after
{Heap after GC invocations=58 (full 0):
 garbage-first heap   total 230400K, used 152319K [0x00000000a0000000, 0x0000000100000000)
  region size 1024K, 2 young (2048K), 2 survivors (2048K)
 Metaspace       used 127243K, committed 128320K, reserved 1179648K
  class space    used 16772K, committed 17280K, reserved 1048576K
}
Event: 363.935 GC heap before
{Heap before GC invocations=58 (full 0):
 garbage-first heap   total 230400K, used 196351K [0x00000000a0000000, 0x0000000100000000)
  region size 1024K, 46 young (47104K), 2 survivors (2048K)
 Metaspace       used 127292K, committed 128320K, reserved 1179648K
  class space    used 16774K, committed 17280K, reserved 1048576K
}
Event: 363.941 GC heap after
{Heap after GC invocations=59 (full 0):
 garbage-first heap   total 230400K, used 151630K [0x00000000a0000000, 0x0000000100000000)
  region size 1024K, 1 young (1024K), 1 survivors (1024K)
 Metaspace       used 127292K, committed 128320K, reserved 1179648K
  class space    used 16774K, committed 17280K, reserved 1048576K
}

